<?xml version="1.0" encoding="UTF-8"?>
<!-- Generated by org.testng.reporters.JUnitReportReporter -->
<testsuite hostname="DESKTOP-7ITE2N0" failures="0" tests="1" name="testClasses.get_TC_1_1" time="8.601" errors="0" timestamp="2023-06-20T16:44:04 IST" skipped="0">
  <testcase classname="testClasses.get_TC_1_1" name="execute" time="8.601"/>
  <system-out/>
</testsuite> <!-- testClasses.get_TC_1_1 -->
