<?xml version="1.0" encoding="UTF-8"?>
<!-- Generated by org.testng.reporters.JUnitReportReporter -->
<testsuite hostname="DESKTOP-7ITE2N0" failures="0" tests="1" name="testClasses.get_TC_2" time="1.369" errors="0" timestamp="2023-06-07T14:37:13 IST" skipped="0">
  <testcase classname="testClasses.get_TC_2" name="execute" time="1.369"/>
  <system-out/>
</testsuite> <!-- testClasses.get_TC_2 -->
