<?xml version="1.0" encoding="UTF-8"?>
<!-- Generated by org.testng.reporters.JUnitReportReporter -->
<testsuite hostname="DESKTOP-7ITE2N0" failures="0" tests="1" name="testClasses.get_TC_1" time="2.787" errors="0" timestamp="2023-06-07T14:40:09 IST" skipped="0">
  <testcase classname="testClasses.get_TC_1" name="execute" time="2.787"/>
  <system-out/>
</testsuite> <!-- testClasses.get_TC_1 -->
